{"error":{"message":"(#100) Parameter error: You cannot send messages to this id","type":"OAuthException","code":100,"fbtrace_id":"FK8r0DJvnP6"}}{"recipient_id":"1843196035698746","message_id":"mid.$cAADBx50l1jpo40pmxVisgUeVDjEK"}{"recipient_id":"1843196035698746"}{"recipient_id":"1455811117860623","message_id":"mid.$cAADBwPCuJKVo40pqkVisgUh92D-p"}{"recipient_id":"1455811117860623"}{"recipient_id":"1615856678527988","message_id":"mid.$cAADBwN8SHU5o40pvkVisgUmm0md9"}{"error":{"message":"(#100) Parameter error: You cannot send messages to this id","type":"OAuthException","code":100,"fbtrace_id":"FhA2VfJUCvf"}}{"recipient_id":"1843196035698746","message_id":"mid.$cAADBx50l1jpo41ONg1isg5FEElOC"}{"recipient_id":"1843196035698746"}{"recipient_id":"1455811117860623","message_id":"mid.$cAADBwPCuJKVo41OQRVisg5Ht6XcC"}{"recipient_id":"1455811117860623"}{"recipient_id":"1615856678527988","message_id":"mid.$cAADBwN8SHU5o41OTClisg5Ke30-C"}{"error":{"message":"(#100) Parameter error: You cannot send messages to this id","type":"OAuthException","code":100,"fbtrace_id":"DimFY3lkT2x"}}{"recipient_id":"1843196035698746","message_id":"mid.$cAADBx50l1jpo45zKaVisleB-JJr7"}{"recipient_id":"1843196035698746"}{"recipient_id":"1455811117860623","message_id":"mid.$cAADBwPCuJKVo45zOjFisleF7Tkxr"}{"recipient_id":"1455811117860623"}{"error":{"message":"(#551) This person isn't available right now.","type":"OAuthException","code":551,"error_subcode":1545041,"fbtrace_id":"Emty9iT+ezk"}}{"error":{"message":"(#551) This person isn't available right now.","type":"OAuthException","code":551,"error_subcode":1545041,"fbtrace_id":"CT4z0nQSU90"}}{"recipient_id":"1754985787885857","message_id":"mid.$cAADBwA96gzho45zT1FisleLZ1-Dw"}{"recipient_id":"1754985787885857"}{"recipient_id":"1615856678527988","message_id":"mid.$cAADBwN8SHU5o45zXq1isleOwkLwn"}{"error":{"message":"(#100) Parameter error: You cannot send messages to this id","type":"OAuthException","code":100,"fbtrace_id":"EXQc\/SVvpyr"}}{"recipient_id":"1843196035698746","message_id":"mid.$cAADBx50l1jpo46XxnVismCpNazX8"}{"recipient_id":"1843196035698746"}{"recipient_id":"1455811117860623","message_id":"mid.$cAADBwPCuJKVo46X0d1ismCr2XfVF"}{"recipient_id":"1455811117860623"}{"error":{"message":"(#551) This person isn't available right now.","type":"OAuthException","code":551,"error_subcode":1545041,"fbtrace_id":"Dh1PqTbYbjz"}}{"error":{"message":"(#551) This person isn't available right now.","type":"OAuthException","code":551,"error_subcode":1545041,"fbtrace_id":"EI5hOBUWZFq"}}{"recipient_id":"1754985787885857","message_id":"mid.$cAADBwA96gzho46X5PlismCwy6jSx"}{"recipient_id":"1754985787885857"}{"recipient_id":"1615856678527988","message_id":"mid.$cAADBwN8SHU5o46X8T1ismCzozn0v"}{"error":{"message":"(#100) Parameter error: You cannot send messages to this id","type":"OAuthException","code":100,"fbtrace_id":"DVzsXgKGmLQ"}}{"recipient_id":"1843196035698746","message_id":"mid.$cAADBx50l1jpo4-qdelisqVVIcYtT"}{"recipient_id":"1843196035698746"}{"recipient_id":"1455811117860623","message_id":"mid.$cAADBwPCuJKVo4-qhZlisqVYylCXp"}{"recipient_id":"1455811117860623"}{"error":{"message":"(#551) This person isn't available right now.","type":"OAuthException","code":551,"error_subcode":1545041,"fbtrace_id":"DZHzhovmaMQ"}}{"error":{"message":"(#551) This person isn't available right now.","type":"OAuthException","code":551,"error_subcode":1545041,"fbtrace_id":"FH3b\/7svpXa"}}{"recipient_id":"1754985787885857","message_id":"mid.$cAADBwA96gzho4-qoFVisqVfw7ACk"}{"recipient_id":"1754985787885857"}{"recipient_id":"1615856678527988","message_id":"mid.$cAADBwN8SHU5o4-qr6FisqVjRNoIe"}{"error":{"message":"(#100) Parameter error: You cannot send messages to this id","type":"OAuthException","code":100,"fbtrace_id":"Ah37OJB1qdf"}}{"recipient_id":"1843196035698746","message_id":"mid.$cAADBx50l1jpo5CYflFisuDXLUkzG"}{"error":{"message":"(#100) Parameter error: You cannot send messages to this id","type":"OAuthException","code":100,"fbtrace_id":"Bt\/3TwOKJ89"}}{"recipient_id":"1843196035698746","message_id":"mid.$cAADBx50l1jpo5C9JOVisuoA4_UM8"}{"error":{"message":"(#100) Parameter error: You cannot send messages to this id","type":"OAuthException","code":100,"fbtrace_id":"DgaOKmrErY4"}}{"error":{"message":"(#551) This person isn't available right now.","type":"OAuthException","code":551,"error_subcode":1545041,"fbtrace_id":"AnDOJVGLm54"}}{"error":{"message":"(#551) This person isn't available right now.","type":"OAuthException","code":551,"error_subcode":1545041,"fbtrace_id":"Ese0FnhN3TC"}}{"recipient_id":"1754985787885857","message_id":"mid.$cAADBwA96gzho5EGbK1isvxSzqCZ8"}{"recipient_id":"1754985787885857"}{"recipient_id":"1615856678527988","message_id":"mid.$cAADBwN8SHU5o5EGe5VisvxWOUkbA"}{"error":{"message":"(#100) Parameter error: You cannot send messages to this id","type":"OAuthException","code":100,"fbtrace_id":"Cx2MBqX3bqq"}}{"error":{"message":"(#551) This person isn't available right now.","type":"OAuthException","code":551,"error_subcode":1545041,"fbtrace_id":"CZP4Mj+cEwR"}}{"error":{"message":"(#551) This person isn't available right now.","type":"OAuthException","code":551,"error_subcode":1545041,"fbtrace_id":"BYcwlHWhal3"}}{"recipient_id":"1754985787885857","message_id":"mid.$cAADBwA96gzho5ErCeViswV6FdgWy"}{"recipient_id":"1754985787885857"}{"recipient_id":"1615856678527988","message_id":"mid.$cAADBwN8SHU5o5ErFXliswV8vWrpZ"}{"error":{"message":"(#100) Parameter error: You cannot send messages to this id","type":"OAuthException","code":100,"fbtrace_id":"BEkMBb4NmB1"}}{"error":{"message":"(#551) This person isn't available right now.","type":"OAuthException","code":551,"error_subcode":1545041,"fbtrace_id":"B7JhDO4yQXO"}}{"error":{"message":"(#551) This person isn't available right now.","type":"OAuthException","code":551,"error_subcode":1545041,"fbtrace_id":"Cua0G1\/DT+6"}}{"recipient_id":"1754985787885857","message_id":"mid.$cAADBwA96gzho5JP8clis060DtsWt"}{"error":{"message":"(#100) Parameter error: You cannot send messages to this id","type":"OAuthException","code":100,"fbtrace_id":"FLMorc91\/ae"}}{"error":{"message":"(#551) This person isn't available right now.","type":"OAuthException","code":551,"error_subcode":1545041,"fbtrace_id":"GBnsG\/WKzjo"}}{"error":{"message":"(#551) This person isn't available right now.","type":"OAuthException","code":551,"error_subcode":1545041,"fbtrace_id":"BWE89iynpgV"}}{"recipient_id":"1754985787885857","message_id":"mid.$cAADBwA96gzho5J0njlis1ffMtfqp"}{"error":{"message":"(#100) Parameter error: You cannot send messages to this id","type":"OAuthException","code":100,"fbtrace_id":"AjUUMC\/iowh"}}{"recipient_id":"1843196035698746","message_id":"mid.$cAADBx50l1jpo5TQ1ZVis-7sxKWEI"}{"recipient_id":"1843196035698746"}{"error":{"message":"(#551) This person isn't available right now.","type":"OAuthException","code":551,"error_subcode":1545041,"fbtrace_id":"Gdcoa6e53mp"}}{"error":{"message":"(#551) This person isn't available right now.","type":"OAuthException","code":551,"error_subcode":1545041,"fbtrace_id":"B4Yxpya941H"}}{"recipient_id":"1754985787885857","message_id":"mid.$cAADBwA96gzho5TQ8I1is-7zwRROY"}{"recipient_id":"1754985787885857"}{"recipient_id":"1615856678527988","message_id":"mid.$cAADBwN8SHU5o5TQ_6Vis-73VyQBE"}{"error":{"message":"(#100) Parameter error: You cannot send messages to this id","type":"OAuthException","code":100,"fbtrace_id":"E\/LpM+pC7Q6"}}{"recipient_id":"1843196035698746","message_id":"mid.$cAADBx50l1jpo6HDBd1ityt5CjvTW"}{"recipient_id":"1843196035698746"}{"recipient_id":"1615856678527988","message_id":"mid.$cAADBwN8SHU5o6HDFDFityt8YkS7K"}{"error":{"message":"(#100) Parameter error: You cannot send messages to this id","type":"OAuthException","code":100,"fbtrace_id":"DhKmQmNYWzy"}}{"recipient_id":"1843196035698746","message_id":"mid.$cAADBx50l1jpo6HnrmlitzSjF6yPY"}{"recipient_id":"1843196035698746"}{"recipient_id":"1615856678527988","message_id":"mid.$cAADBwN8SHU5o6HnueFitzSl7Ctgp"}{"error":{"message":"(#100) Parameter error: You cannot send messages to this id","type":"OAuthException","code":100,"fbtrace_id":"H+vTPsaOs0r"}}{"error":{"message":"(#551) This person isn't available right now.","type":"OAuthException","code":551,"error_subcode":1545041,"fbtrace_id":"CPv5Yfe2wU1"}}{"error":{"message":"(#551) This person isn't available right now.","type":"OAuthException","code":551,"error_subcode":1545041,"fbtrace_id":"DgNDtDruxX0"}}{"recipient_id":"1754985787885857","message_id":"mid.$cAADBwA96gzho6MMoylit33gYUSpr"}{"error":{"message":"(#100) Parameter error: You cannot send messages to this id","type":"OAuthException","code":100,"fbtrace_id":"BRFKhvkuusf"}}{"error":{"message":"(#551) This person isn't available right now.","type":"OAuthException","code":551,"error_subcode":1545041,"fbtrace_id":"CT27jHy5cTe"}}{"error":{"message":"(#551) This person isn't available right now.","type":"OAuthException","code":551,"error_subcode":1545041,"fbtrace_id":"BETeLlzG9Pw"}}{"recipient_id":"1754985787885857","message_id":"mid.$cAADBwA96gzho6MxRBVit4cH8itWB"}{"error":{"message":"(#100) Parameter error: You cannot send messages to this id","type":"OAuthException","code":100,"fbtrace_id":"CQXmsRvb5QX"}}{"recipient_id":"1843196035698746","message_id":"mid.$cAADBx50l1jpo6RD75Vit8uzX7Vz3"}{"recipient_id":"1843196035698746"}{"error":{"message":"(#551) This person isn't available right now.","type":"OAuthException","code":551,"error_subcode":1545041,"fbtrace_id":"EQGjEjbDA8o"}}{"error":{"message":"(#551) This person isn't available right now.","type":"OAuthException","code":551,"error_subcode":1545041,"fbtrace_id":"AXn+jZwFTKd"}}{"recipient_id":"1754985787885857","message_id":"mid.$cAADBwA96gzho6RECnFit8u6Pihrq"}{"recipient_id":"1754985787885857"}{"recipient_id":"1615856678527988","message_id":"mid.$cAADBwN8SHU5o6REHCVit8u-a7_hx"}{"error":{"message":"(#100) Parameter error: You cannot send messages to this id","type":"OAuthException","code":100,"fbtrace_id":"El1dQk4UcSu"}}{"recipient_id":"1843196035698746","message_id":"mid.$cAADBx50l1jpo6WfzoliuCKq5fNik"}{"recipient_id":"1843196035698746"}{"recipient_id":"1455811117860623","message_id":"mid.$cAADBwPCuJKVo6Wf3i1iuCKuyrUif"}{"recipient_id":"1455811117860623"}{"error":{"message":"(#551) This person isn't available right now.","type":"OAuthException","code":551,"error_subcode":1545041,"fbtrace_id":"H+fx1E7l3nV"}}{"error":{"message":"(#551) This person isn't available right now.","type":"OAuthException","code":551,"error_subcode":1545041,"fbtrace_id":"At+q8a+lLrH"}}{"recipient_id":"1754985787885857","message_id":"mid.$cAADBwA96gzho6Wf9LViuCK0xMBJh"}{"error":{"message":"(#100) Parameter error: You cannot send messages to this id","type":"OAuthException","code":100,"fbtrace_id":"GGIE+nJQbkA"}}{"recipient_id":"1843196035698746","message_id":"mid.$cAADBx50l1jpo6XEatViuCvSXFI3y"}{"recipient_id":"1843196035698746"}{"recipient_id":"1455811117860623","message_id":"mid.$cAADBwPCuJKVo6XEdlFiuCvU9r2uI"}{"recipient_id":"1455811117860623"}{"error":{"message":"(#551) This person isn't available right now.","type":"OAuthException","code":551,"error_subcode":1545041,"fbtrace_id":"C1dhDxsNhV9"}}{"error":{"message":"(#551) This person isn't available right now.","type":"OAuthException","code":551,"error_subcode":1545041,"fbtrace_id":"BRj7sGE\/KAE"}}{"recipient_id":"1754985787885857","message_id":"mid.$cAADBwA96gzho6XEiJ1iuCvZz5QQO"}{"error":{"message":"(#100) Parameter error: You cannot send messages to this id","type":"OAuthException","code":100,"fbtrace_id":"AA9xRZpAFou"}}{"recipient_id":"1455811117860623","message_id":"mid.$cAADBwPCuJKVo6bpYuFiuHUP_Gl7I"}{"recipient_id":"1455811117860623"}{"recipient_id":"1843196035698746","message_id":"mid.$cAADBx50l1jpo6bpcD1iuHUTp9G2A"}{"recipient_id":"1843196035698746"}{"error":{"message":"(#551) This person isn't available right now.","type":"OAuthException","code":551,"error_subcode":1545041,"fbtrace_id":"GtInyQBNyNt"}}{"error":{"message":"(#551) This person isn't available right now.","type":"OAuthException","code":551,"error_subcode":1545041,"fbtrace_id":"GZntS8Vaqsq"}}{"recipient_id":"1754985787885857","message_id":"mid.$cAADBwA96gzho6bphxViuHUZUBi4V"}{"recipient_id":"1754985787885857"}{"recipient_id":"1966667390029280","message_id":"mid.$cAADBx5OWqyZo6bplSFiuHUcqDVtU"}{"error":{"message":"(#100) Parameter error: You cannot send messages to this id","type":"OAuthException","code":100,"fbtrace_id":"EMRQmo9eVjj"}}{"recipient_id":"1455811117860623","message_id":"mid.$cAADBwPCuJKVo6cN_B1iuH42dFsOj"}{"recipient_id":"1455811117860623"}{"recipient_id":"1843196035698746","message_id":"mid.$cAADBx50l1jpo6cOBjliuH45OGCQq"}{"recipient_id":"1843196035698746"}{"error":{"message":"(#551) This person isn't available right now.","type":"OAuthException","code":551,"error_subcode":1545041,"fbtrace_id":"ArdTc1TdDBI"}}{"error":{"message":"(#551) This person isn't available right now.","type":"OAuthException","code":551,"error_subcode":1545041,"fbtrace_id":"CKQ4NoZnIH2"}}{"recipient_id":"1754985787885857","message_id":"mid.$cAADBwA96gzho6cOGPViuH4954lN2"}{"recipient_id":"1754985787885857"}{"recipient_id":"1966667390029280","message_id":"mid.$cAADBx5OWqyZo6cOJBliuH5AdYwAX"}{"error":{"message":"(#100) Parameter error: You cannot send messages to this id","type":"OAuthException","code":100,"fbtrace_id":"EDpDiS3tiOH"}}{"recipient_id":"1843196035698746","message_id":"mid.$cAADBx50l1jpo6gy8mliuMd0OGrqB"}{"error":{"message":"(#100) Parameter error: You cannot send messages to this id","type":"OAuthException","code":100,"fbtrace_id":"ETcb1OXoTCv"}}{"recipient_id":"1843196035698746","message_id":"mid.$cAADBx50l1jpo6hXlR1iuNCc7hlse"}{"error":{"message":"(#100) Parameter error: You cannot send messages to this id","type":"OAuthException","code":100,"fbtrace_id":"D8aeY3cKZrh"}}{"recipient_id":"1455811117860623","message_id":"mid.$cAADBwPCuJKVo6lqR5ViuRVJJy2dJ"}{"recipient_id":"1455811117860623"}{"recipient_id":"1843196035698746","message_id":"mid.$cAADBx50l1jpo6lqWWViuRVN_CRqU"}{"recipient_id":"1843196035698746"}{"error":{"message":"(#551) This person isn't available right now.","type":"OAuthException","code":551,"error_subcode":1545041,"fbtrace_id":"DHX0PvWF9EN"}}{"error":{"message":"(#551) This person isn't available right now.","type":"OAuthException","code":551,"error_subcode":1545041,"fbtrace_id":"Hupf4VwahJo"}}{"recipient_id":"1754985787885857","message_id":"mid.$cAADBwA96gzho6lqc_1iuRVUrSOw5"}{"recipient_id":"1754985787885857"}{"recipient_id":"1966667390029280","message_id":"mid.$cAADBx5OWqyZo6lqg1liuRVYQd91O"}{"error":{"message":"(#100) Parameter error: You cannot send messages to this id","type":"OAuthException","code":100,"fbtrace_id":"BDigD+djzfE"}}{"recipient_id":"1298264360275724","message_id":"mid.$cAADBwERCDo9o7c4Lt1ivIjDBlAkh"}{"error":{"message":"(#100) Parameter error: You cannot send messages to this id","type":"OAuthException","code":100,"fbtrace_id":"BSZ3+rGY3hm"}}{"recipient_id":"1298264360275724","message_id":"mid.$cAADBwERCDo9o7dKg6livI1YMTt5r"}{"error":{"message":"(#100) Parameter error: You cannot send messages to this id","type":"OAuthException","code":100,"fbtrace_id":"EBtYjIYaQnn"}}{"recipient_id":"1298264360275724","message_id":"mid.$cAADBwERCDo9o7dczpFivJHq_5XZY"}{"error":{"message":"(#100) Parameter error: You cannot send messages to this id","type":"OAuthException","code":100,"fbtrace_id":"Gjzg2ggVn1q"}}{"recipient_id":"1298264360275724","message_id":"mid.$cAADBwERCDo9o7jdXLFivPIOkho_i"}PHP Warning:  mysqli::__construct(): php_network_getaddresses: getaddrinfo failed: Name or service not known in /usr/share/nginx/html/scheduler/univ/pnu/config.php on line 3

Warning: mysqli::__construct(): php_network_getaddresses: getaddrinfo failed: Name or service not known in /usr/share/nginx/html/scheduler/univ/pnu/config.php on line 3
PHP Warning:  mysqli::__construct(): (HY000/2002): php_network_getaddresses: getaddrinfo failed: Name or service not known in /usr/share/nginx/html/scheduler/univ/pnu/config.php on line 3

Warning: mysqli::__construct(): (HY000/2002): php_network_getaddresses: getaddrinfo failed: Name or service not known in /usr/share/nginx/html/scheduler/univ/pnu/config.php on line 3
PHP Warning:  mysqli::select_db(): Couldn't fetch mysqli in /usr/share/nginx/html/scheduler/univ/pnu/config.php on line 4

Warning: mysqli::select_db(): Couldn't fetch mysqli in /usr/share/nginx/html/scheduler/univ/pnu/config.php on line 4
PHP Warning:  mysqli::query(): Couldn't fetch mysqli in /usr/share/nginx/html/scheduler/univ/pnu/function/basicFunction.php on line 139

Warning: mysqli::query(): Couldn't fetch mysqli in /usr/share/nginx/html/scheduler/univ/pnu/function/basicFunction.php on line 139
PHP Fatal error:  Uncaught Error: Call to a member function fetch_assoc() on null in /usr/share/nginx/html/scheduler/univ/pnu/function/basicFunction.php:140
Stack trace:
#0 /usr/share/nginx/html/scheduler/univ/pnu/config.php(34): YearsSchedule()
#1 /usr/share/nginx/html/scheduler/univ/pnu/crontab/execCron.php(40): include_once('/usr/share/ngin...')
#2 {main}
  thrown in /usr/share/nginx/html/scheduler/univ/pnu/function/basicFunction.php on line 140

Fatal error: Uncaught Error: Call to a member function fetch_assoc() on null in /usr/share/nginx/html/scheduler/univ/pnu/function/basicFunction.php:140
Stack trace:
#0 /usr/share/nginx/html/scheduler/univ/pnu/config.php(34): YearsSchedule()
#1 /usr/share/nginx/html/scheduler/univ/pnu/crontab/execCron.php(40): include_once('/usr/share/ngin...')
#2 {main}
  thrown in /usr/share/nginx/html/scheduler/univ/pnu/function/basicFunction.php on line 140
PHP Warning:  mysqli::__construct(): php_network_getaddresses: getaddrinfo failed: Name or service not known in /usr/share/nginx/html/scheduler/univ/pnu/config.php on line 3

Warning: mysqli::__construct(): php_network_getaddresses: getaddrinfo failed: Name or service not known in /usr/share/nginx/html/scheduler/univ/pnu/config.php on line 3
PHP Warning:  mysqli::__construct(): (HY000/2002): php_network_getaddresses: getaddrinfo failed: Name or service not known in /usr/share/nginx/html/scheduler/univ/pnu/config.php on line 3

Warning: mysqli::__construct(): (HY000/2002): php_network_getaddresses: getaddrinfo failed: Name or service not known in /usr/share/nginx/html/scheduler/univ/pnu/config.php on line 3
PHP Warning:  mysqli::select_db(): Couldn't fetch mysqli in /usr/share/nginx/html/scheduler/univ/pnu/config.php on line 4

Warning: mysqli::select_db(): Couldn't fetch mysqli in /usr/share/nginx/html/scheduler/univ/pnu/config.php on line 4
PHP Warning:  mysqli::query(): Couldn't fetch mysqli in /usr/share/nginx/html/scheduler/univ/pnu/function/basicFunction.php on line 139

Warning: mysqli::query(): Couldn't fetch mysqli in /usr/share/nginx/html/scheduler/univ/pnu/function/basicFunction.php on line 139
PHP Fatal error:  Uncaught Error: Call to a member function fetch_assoc() on null in /usr/share/nginx/html/scheduler/univ/pnu/function/basicFunction.php:140
Stack trace:
#0 /usr/share/nginx/html/scheduler/univ/pnu/config.php(34): YearsSchedule()
#1 /usr/share/nginx/html/scheduler/univ/pnu/crontab/execCron.php(40): include_once('/usr/share/ngin...')
#2 {main}
  thrown in /usr/share/nginx/html/scheduler/univ/pnu/function/basicFunction.php on line 140

Fatal error: Uncaught Error: Call to a member function fetch_assoc() on null in /usr/share/nginx/html/scheduler/univ/pnu/function/basicFunction.php:140
Stack trace:
#0 /usr/share/nginx/html/scheduler/univ/pnu/config.php(34): YearsSchedule()
#1 /usr/share/nginx/html/scheduler/univ/pnu/crontab/execCron.php(40): include_once('/usr/share/ngin...')
#2 {main}
  thrown in /usr/share/nginx/html/scheduler/univ/pnu/function/basicFunction.php on line 140
PHP Fatal error:  Uncaught Error: Call to a member function fetch_assoc() on boolean in /usr/share/nginx/html/scheduler/univ/pnu/crontab/cronConfig.php:6
Stack trace:
#0 /usr/share/nginx/html/scheduler/univ/pnu/crontab/execCron.php(43): include_once()
#1 {main}
  thrown in /usr/share/nginx/html/scheduler/univ/pnu/crontab/cronConfig.php on line 6

Fatal error: Uncaught Error: Call to a member function fetch_assoc() on boolean in /usr/share/nginx/html/scheduler/univ/pnu/crontab/cronConfig.php:6
Stack trace:
#0 /usr/share/nginx/html/scheduler/univ/pnu/crontab/execCron.php(43): include_once()
#1 {main}
  thrown in /usr/share/nginx/html/scheduler/univ/pnu/crontab/cronConfig.php on line 6
PHP Fatal error:  Uncaught Error: Call to a member function fetch_assoc() on boolean in /usr/share/nginx/html/scheduler/univ/pnu/crontab/cronConfig.php:6
Stack trace:
#0 /usr/share/nginx/html/scheduler/univ/pnu/crontab/execCron.php(43): include_once()
#1 {main}
  thrown in /usr/share/nginx/html/scheduler/univ/pnu/crontab/cronConfig.php on line 6

Fatal error: Uncaught Error: Call to a member function fetch_assoc() on boolean in /usr/share/nginx/html/scheduler/univ/pnu/crontab/cronConfig.php:6
Stack trace:
#0 /usr/share/nginx/html/scheduler/univ/pnu/crontab/execCron.php(43): include_once()
#1 {main}
  thrown in /usr/share/nginx/html/scheduler/univ/pnu/crontab/cronConfig.php on line 6
PHP Warning:  mysqli::__construct(): php_network_getaddresses: getaddrinfo failed: Name or service not known in /usr/share/nginx/html/scheduler/univ/pnu/config.php on line 3

Warning: mysqli::__construct(): php_network_getaddresses: getaddrinfo failed: Name or service not known in /usr/share/nginx/html/scheduler/univ/pnu/config.php on line 3
PHP Warning:  mysqli::__construct(): (HY000/2002): php_network_getaddresses: getaddrinfo failed: Name or service not known in /usr/share/nginx/html/scheduler/univ/pnu/config.php on line 3

Warning: mysqli::__construct(): (HY000/2002): php_network_getaddresses: getaddrinfo failed: Name or service not known in /usr/share/nginx/html/scheduler/univ/pnu/config.php on line 3
PHP Warning:  mysqli::select_db(): Couldn't fetch mysqli in /usr/share/nginx/html/scheduler/univ/pnu/config.php on line 4

Warning: mysqli::select_db(): Couldn't fetch mysqli in /usr/share/nginx/html/scheduler/univ/pnu/config.php on line 4
PHP Warning:  mysqli::query(): Couldn't fetch mysqli in /usr/share/nginx/html/scheduler/univ/pnu/function/basicFunction.php on line 139

Warning: mysqli::query(): Couldn't fetch mysqli in /usr/share/nginx/html/scheduler/univ/pnu/function/basicFunction.php on line 139
PHP Fatal error:  Uncaught Error: Call to a member function fetch_assoc() on null in /usr/share/nginx/html/scheduler/univ/pnu/function/basicFunction.php:140
Stack trace:
#0 /usr/share/nginx/html/scheduler/univ/pnu/config.php(34): YearsSchedule()
#1 /usr/share/nginx/html/scheduler/univ/pnu/crontab/execCron.php(40): include_once('/usr/share/ngin...')
#2 {main}
  thrown in /usr/share/nginx/html/scheduler/univ/pnu/function/basicFunction.php on line 140

Fatal error: Uncaught Error: Call to a member function fetch_assoc() on null in /usr/share/nginx/html/scheduler/univ/pnu/function/basicFunction.php:140
Stack trace:
#0 /usr/share/nginx/html/scheduler/univ/pnu/config.php(34): YearsSchedule()
#1 /usr/share/nginx/html/scheduler/univ/pnu/crontab/execCron.php(40): include_once('/usr/share/ngin...')
#2 {main}
  thrown in /usr/share/nginx/html/scheduler/univ/pnu/function/basicFunction.php on line 140
